<?xml version="1.0" encoding="UTF-8"?>
<testng-results skipped="0" failed="0" ignored="0" total="1" passed="1">
  <reporter-output>
  </reporter-output>
  <suite name="Default suite" duration-ms="34443" started-at="2019-04-22T17:11:42Z" finished-at="2019-04-22T17:12:16Z">
    <groups>
    </groups>
    <test name="Default test" duration-ms="34443" started-at="2019-04-22T17:11:42Z" finished-at="2019-04-22T17:12:16Z">
      <class name="testcase.TC_001">
        <test-method status="PASS" signature="testCase()[pri:0, instance:testcase.TC_001@3e57cd70]" name="testCase" duration-ms="34414" started-at="2019-04-22T17:11:42Z" finished-at="2019-04-22T17:12:16Z">
          <reporter-output>
          </reporter-output>
        </test-method> <!-- testCase -->
      </class> <!-- testcase.TC_001 -->
    </test> <!-- Default test -->
  </suite> <!-- Default suite -->
</testng-results>
